01 июн. 2022 - 00:00:25.761 - o.s.o.j.LocalContainerEntityManagerFactoryBean -  INFO  - Closing JPA EntityManagerFactory for persistence unit 'default'
01 июн. 2022 - 00:00:25.777 - com.zaxxer.hikari.HikariDataSource -  INFO  - HikariPool-1 - Shutdown initiated...
01 июн. 2022 - 00:00:25.787 - com.zaxxer.hikari.HikariDataSource -  INFO  - HikariPool-1 - Shutdown completed.
01 июн. 2022 - 10:41:19.631 - c.company.apelsin.ApelsinApplication -  INFO  - Starting ApelsinApplication using Java 18.0.1 on DESKTOP-H2891ME with PID 8708 (C:\Users\User\IdeaProjects\Spring\Apelsin\Apelsin\target\classes started by User in C:\Users\User\IdeaProjects\Spring\Apelsin\Apelsin)
01 июн. 2022 - 10:41:19.633 - c.company.apelsin.ApelsinApplication -  DEBUG - Running with Spring Boot v2.7.0, Spring v5.3.20
01 июн. 2022 - 10:41:19.633 - c.company.apelsin.ApelsinApplication -  INFO  - The following 1 profile is active: "dev"
01 июн. 2022 - 10:41:20.645 - o.s.d.r.c.RepositoryConfigurationDelegate -  INFO  - Bootstrapping Spring Data JPA repositories in DEFAULT mode.
01 июн. 2022 - 10:41:20.740 - o.s.d.r.c.RepositoryConfigurationDelegate -  INFO  - Finished Spring Data repository scanning in 84 ms. Found 6 JPA repository interfaces.
01 июн. 2022 - 10:41:21.247 - o.s.b.w.e.tomcat.TomcatWebServer -  INFO  - Tomcat initialized with port(s): 9091 (http)
01 июн. 2022 - 10:41:21.255 - o.a.catalina.core.StandardService -  INFO  - Starting service [Tomcat]
01 июн. 2022 - 10:41:21.255 - o.a.catalina.core.StandardEngine -  INFO  - Starting Servlet engine: [Apache Tomcat/9.0.63]
01 июн. 2022 - 10:41:21.382 - o.a.c.c.C.[Tomcat].[localhost].[/] -  INFO  - Initializing Spring embedded WebApplicationContext
01 июн. 2022 - 10:41:21.382 - o.s.b.w.s.c.ServletWebServerApplicationContext -  INFO  - Root WebApplicationContext: initialization completed in 1701 ms
01 июн. 2022 - 10:41:21.430 - JwtFilter -  DEBUG - Filter 'jwtFilter' configured for use
01 июн. 2022 - 10:41:21.519 - o.h.jpa.internal.util.LogHelper -  INFO  - HHH000204: Processing PersistenceUnitInfo [name: default]
01 июн. 2022 - 10:41:21.561 - org.hibernate.Version -  INFO  - HHH000412: Hibernate ORM core version 5.6.9.Final
01 июн. 2022 - 10:41:21.687 - o.h.annotations.common.Version -  INFO  - HCANN000001: Hibernate Commons Annotations {5.1.2.Final}
01 июн. 2022 - 10:41:21.766 - com.zaxxer.hikari.HikariDataSource -  INFO  - HikariPool-1 - Starting...
01 июн. 2022 - 10:41:22.068 - com.zaxxer.hikari.HikariDataSource -  INFO  - HikariPool-1 - Start completed.
01 июн. 2022 - 10:41:22.091 - org.hibernate.dialect.Dialect -  INFO  - HHH000400: Using dialect: org.hibernate.dialect.PostgreSQL10Dialect
01 июн. 2022 - 10:41:22.130 - Hibernate Types -  INFO  - This framework is proudly powered by:

>>>>>>>>>>>>>>>>>>>>>>>>>>>>>>>>>>>>>>>>>>>>>>>>>>>>>>>>>>>>>>>>
 _    _                           _     _
| |  | |                         (_)   | |
| |__| |_   _ _ __   ___ _ __ ___ _ ___| |_ ___ _ __   ___ ___
|  __  | | | | '_ \ / _ \ '__/ __| / __| __/ _ \ '_ \ / __/ _ \
| |  | | |_| | |_) |  __/ |  \__ \ \__ \ ||  __/ | | | (_|  __/
|_|  |_|\__, | .__/ \___|_|  |___/_|___/\__\___|_| |_|\___\___|
         __/ | |
        |___/|_|

At Hypersistence, we only build amazing tools, like Hibernate Types, Flexy Pool, or Hypersistence Optimizer.

What if there were a tool that could automatically detect JPA and Hibernate performance issues?

Hypersistence Optimizer is that tool! For more details, go to: 

https://vladmihalcea.com/hypersistence-optimizer/
<<<<<<<<<<<<<<<<<<<<<<<<<<<<<<<<<<<<<<<<<<<<<<<<<<<<<<<<<<<<<<<<

01 июн. 2022 - 10:41:22.257 - org.hibernate.id.UUIDHexGenerator -  WARN  - HHH000409: Using org.hibernate.id.UUIDHexGenerator which does not generate IETF RFC 4122 compliant UUID values; consider using org.hibernate.id.UUIDGenerator instead
01 июн. 2022 - 10:41:23.027 - o.h.e.t.j.p.i.JtaPlatformInitiator -  INFO  - HHH000490: Using JtaPlatform implementation: [org.hibernate.engine.transaction.jta.platform.internal.NoJtaPlatform]
01 июн. 2022 - 10:41:23.035 - o.s.o.j.LocalContainerEntityManagerFactoryBean -  INFO  - Initialized JPA EntityManagerFactory for persistence unit 'default'
01 июн. 2022 - 10:41:23.685 - o.s.b.a.o.j.JpaBaseConfiguration$JpaWebConfiguration -  WARN  - spring.jpa.open-in-view is enabled by default. Therefore, database queries may be performed during view rendering. Explicitly configure spring.jpa.open-in-view to disable this warning
01 июн. 2022 - 10:41:24.030 - o.s.b.a.s.s.UserDetailsServiceAutoConfiguration -  WARN  - 

Using generated security password: 0b4289c9-205f-458a-8db7-adb31042d2d0

This generated password is for development use only. Your security configuration must be updated before running your application in production.

01 июн. 2022 - 10:41:24.129 - o.s.s.web.DefaultSecurityFilterChain -  INFO  - Will secure any request with [org.springframework.security.web.session.DisableEncodeUrlFilter@37f0fb02, org.springframework.security.web.context.request.async.WebAsyncManagerIntegrationFilter@4687fee7, org.springframework.security.web.context.SecurityContextPersistenceFilter@5fb0a09e, org.springframework.security.web.header.HeaderWriterFilter@26d02dc6, org.springframework.security.web.csrf.CsrfFilter@df5f657, org.springframework.security.web.authentication.logout.LogoutFilter@3c2e73ce, org.springframework.security.web.authentication.UsernamePasswordAuthenticationFilter@d4dbb34, org.springframework.security.web.authentication.ui.DefaultLoginPageGeneratingFilter@722d3ddb, org.springframework.security.web.authentication.ui.DefaultLogoutPageGeneratingFilter@4a0fc665, org.springframework.security.web.authentication.www.BasicAuthenticationFilter@15324f25, org.springframework.security.web.savedrequest.RequestCacheAwareFilter@684eb4a0, org.springframework.security.web.servletapi.SecurityContextHolderAwareRequestFilter@19a4cdea, org.springframework.security.web.authentication.AnonymousAuthenticationFilter@207f7baa, org.springframework.security.web.session.SessionManagementFilter@26b150cd, org.springframework.security.web.access.ExceptionTranslationFilter@32029cd, org.springframework.security.web.access.intercept.FilterSecurityInterceptor@452a32f2]
01 июн. 2022 - 10:41:24.188 - o.s.b.w.e.tomcat.TomcatWebServer -  INFO  - Tomcat started on port(s): 9091 (http) with context path ''
01 июн. 2022 - 10:41:24.431 - c.company.apelsin.ApelsinApplication -  INFO  - Started ApelsinApplication in 5.227 seconds (JVM running for 6.044)
01 июн. 2022 - 10:41:30.553 - o.s.o.j.LocalContainerEntityManagerFactoryBean -  INFO  - Closing JPA EntityManagerFactory for persistence unit 'default'
01 июн. 2022 - 10:41:30.555 - com.zaxxer.hikari.HikariDataSource -  INFO  - HikariPool-1 - Shutdown initiated...
01 июн. 2022 - 10:41:30.559 - com.zaxxer.hikari.HikariDataSource -  INFO  - HikariPool-1 - Shutdown completed.
